# JRE version: OpenJDK Runtime Environment (11.0.10) (build 11.0.10+0-b96-7249189)
# Java VM: OpenJDK 64-Bit Server VM (11.0.10+0-b96-7249189, mixed mode, tiered, compressed oops, g1 gc, windows-amd64)
Heap:
 garbage-first heap   total 189440K, used 95851K [0x0000000080000000, 0x0000000100000000)
  region size 1024K, 21 young (21504K), 3 survivors (3072K)
 Metaspace       used 61510K, capacity 63266K, committed 63360K, reserved 1103872K
  class space    used 7898K, capacity 8490K, committed 8576K, reserved 1048576K
GC Heap History (20 events):
Event: 2.370 GC heap before
{Heap before GC invocations=2 (full 0):
 garbage-first heap   total 131072K, used 36252K [0x0000000080000000, 0x0000000100000000)
  region size 1024K, 32 young (32768K), 10 survivors (10240K)
 Metaspace       used 20574K, capacity 21085K, committed 21248K, reserved 1067008K
  class space    used 2513K, capacity 2699K, committed 2816K, reserved 1048576K
}
Event: 2.377 GC heap after
{Heap after GC invocations=3 (full 0):
 garbage-first heap   total 131072K, used 16920K [0x0000000080000000, 0x0000000100000000)
  region size 1024K, 1 young (1024K), 1 survivors (1024K)
 Metaspace       used 20574K, capacity 21085K, committed 21248K, reserved 1067008K
  class space    used 2513K, capacity 2699K, committed 2816K, reserved 1048576K
}
Event: 3.024 GC heap before
{Heap before GC invocations=4 (full 0):
 garbage-first heap   total 131072K, used 75288K [0x0000000080000000, 0x0000000100000000)
  region size 1024K, 54 young (55296K), 1 survivors (1024K)
 Metaspace       used 26062K, capacity 26787K, committed 27008K, reserved 1073152K
  class space    used 3419K, capacity 3686K, committed 3712K, reserved 1048576K
}
Event: 3.028 GC heap after
{Heap after GC invocations=5 (full 0):
 garbage-first heap   total 131072K, used 25321K [0x0000000080000000, 0x0000000100000000)
  region size 1024K, 5 young (5120K), 5 survivors (5120K)
 Metaspace       used 26062K, capacity 26787K, committed 27008K, reserved 1073152K
  class space    used 3419K, capacity 3686K, committed 3712K, reserved 1048576K
}
Event: 3.737 GC heap before
{Heap before GC invocations=5 (full 0):
 garbage-first heap   total 131072K, used 85737K [0x0000000080000000, 0x0000000100000000)
  region size 1024K, 60 young (61440K), 5 survivors (5120K)
 Metaspace       used 32567K, capacity 33457K, committed 33664K, reserved 1079296K
  class space    used 4367K, capacity 4676K, committed 4736K, reserved 1048576K
}
Event: 3.742 GC heap after
{Heap after GC invocations=6 (full 0):
 garbage-first heap   total 131072K, used 34231K [0x0000000080000000, 0x0000000100000000)
  region size 1024K, 8 young (8192K), 8 survivors (8192K)
 Metaspace       used 32567K, capacity 33457K, committed 33664K, reserved 1079296K
  class space    used 4367K, capacity 4676K, committed 4736K, reserved 1048576K
}
Event: 3.892 GC heap before
{Heap before GC invocations=6 (full 0):
 garbage-first heap   total 131072K, used 41399K [0x0000000080000000, 0x0000000100000000)
  region size 1024K, 16 young (16384K), 8 survivors (8192K)
 Metaspace       used 34840K, capacity 35726K, committed 35840K, reserved 1081344K
  class space    used 4555K, capacity 4899K, committed 4992K, reserved 1048576K
}
Event: 3.901 GC heap after
{Heap after GC invocations=7 (full 0):
 garbage-first heap   total 131072K, used 35652K [0x0000000080000000, 0x0000000100000000)
  region size 1024K, 6 young (6144K), 6 survivors (6144K)
 Metaspace       used 34840K, capacity 35726K, committed 35840K, reserved 1081344K
  class space    used 4555K, capacity 4899K, committed 4992K, reserved 1048576K
}
Event: 4.427 GC heap before
{Heap before GC invocations=8 (full 0):
 garbage-first heap   total 131072K, used 81732K [0x0000000080000000, 0x0000000100000000)
  region size 1024K, 49 young (50176K), 6 survivors (6144K)
 Metaspace       used 39420K, capacity 40474K, committed 40576K, reserved 1085440K
  class space    used 5032K, capacity 5433K, committed 5504K, reserved 1048576K
}
Event: 4.439 GC heap after
{Heap after GC invocations=9 (full 0):
 garbage-first heap   total 131072K, used 39184K [0x0000000080000000, 0x0000000100000000)
  region size 1024K, 5 young (5120K), 5 survivors (5120K)
 Metaspace       used 39420K, capacity 40474K, committed 40576K, reserved 1085440K
  class space    used 5032K, capacity 5433K, committed 5504K, reserved 1048576K
}
Event: 5.051 GC heap before
{Heap before GC invocations=10 (full 0):
 garbage-first heap   total 131072K, used 92432K [0x0000000080000000, 0x0000000100000000)
  region size 1024K, 50 young (51200K), 5 survivors (5120K)
 Metaspace       used 42573K, capacity 43843K, committed 44160K, reserved 1087488K
  class space    used 5479K, capacity 5912K, committed 6016K, reserved 1048576K
}
Event: 5.058 GC heap after
{Heap after GC invocations=11 (full 0):
 garbage-first heap   total 157696K, used 51142K [0x0000000080000000, 0x0000000100000000)
  region size 1024K, 7 young (7168K), 7 survivors (7168K)
 Metaspace       used 42573K, capacity 43843K, committed 44160K, reserved 1087488K
  class space    used 5479K, capacity 5912K, committed 6016K, reserved 1048576K
}
Event: 5.684 GC heap before
{Heap before GC invocations=11 (full 0):
 garbage-first heap   total 157696K, used 106438K [0x0000000080000000, 0x0000000100000000)
  region size 1024K, 61 young (62464K), 7 survivors (7168K)
 Metaspace       used 46284K, capacity 47543K, committed 47616K, reserved 1091584K
  class space    used 5893K, capacity 6330K, committed 6400K, reserved 1048576K
}
Event: 5.694 GC heap after
{Heap after GC invocations=12 (full 0):
 garbage-first heap   total 157696K, used 55469K [0x0000000080000000, 0x0000000100000000)
  region size 1024K, 5 young (5120K), 5 survivors (5120K)
 Metaspace       used 46284K, capacity 47543K, committed 47616K, reserved 1091584K
  class space    used 5893K, capacity 6330K, committed 6400K, reserved 1048576K
}
Event: 6.386 GC heap before
{Heap before GC invocations=12 (full 0):
 garbage-first heap   total 157696K, used 109741K [0x0000000080000000, 0x0000000100000000)
  region size 1024K, 58 young (59392K), 5 survivors (5120K)
 Metaspace       used 49413K, capacity 50978K, committed 51200K, reserved 1093632K
  class space    used 6336K, capacity 6833K, committed 6912K, reserved 1048576K
}
Event: 6.395 GC heap after
{Heap after GC invocations=13 (full 0):
 garbage-first heap   total 157696K, used 58096K [0x0000000080000000, 0x0000000100000000)
  region size 1024K, 7 young (7168K), 7 survivors (7168K)
 Metaspace       used 49413K, capacity 50978K, committed 51200K, reserved 1093632K
  class space    used 6336K, capacity 6833K, committed 6912K, reserved 1048576K
}
Event: 7.137 GC heap before
{Heap before GC invocations=13 (full 0):
 garbage-first heap   total 157696K, used 121584K [0x0000000080000000, 0x0000000100000000)
  region size 1024K, 62 young (63488K), 7 survivors (7168K)
 Metaspace       used 52692K, capacity 54199K, committed 54528K, reserved 1095680K
  class space    used 6845K, capacity 7348K, committed 7424K, reserved 1048576K
}
Event: 7.147 GC heap after
{Heap after GC invocations=14 (full 0):
 garbage-first heap   total 157696K, used 75424K [0x0000000080000000, 0x0000000100000000)
  region size 1024K, 8 young (8192K), 8 survivors (8192K)
 Metaspace       used 52692K, capacity 54199K, committed 54528K, reserved 1095680K
  class space    used 6845K, capacity 7348K, committed 7424K, reserved 1048576K
}
Event: 7.901 GC heap before
{Heap before GC invocations=14 (full 0):
 garbage-first heap   total 157696K, used 120480K [0x0000000080000000, 0x0000000100000000)
  region size 1024K, 52 young (53248K), 8 survivors (8192K)
 Metaspace       used 58641K, capacity 60308K, committed 60416K, reserved 1101824K
  class space    used 7570K, capacity 8122K, committed 8192K, reserved 1048576K
}
Event: 7.909 GC heap after
{Heap after GC invocations=15 (full 0):
 garbage-first heap   total 189440K, used 78443K [0x0000000080000000, 0x0000000100000000)
  region size 1024K, 3 young (3072K), 3 survivors (3072K)
 Metaspace       used 58641K, capacity 60308K, committed 60416K, reserved 1101824K
  class space    used 7570K, capacity 8122K, committed 8192K, reserved 1048576K
}

