# JRE version: OpenJDK Runtime Environment (11.0.10) (build 11.0.10+0-b96-7249189)
# Java VM: OpenJDK 64-Bit Server VM (11.0.10+0-b96-7249189, mixed mode, tiered, compressed oops, g1 gc, windows-amd64)
Heap:
 garbage-first heap   total 908288K, used 259558K [0x0000000080000000, 0x0000000100000000)
  region size 1024K, 8 young (8192K), 8 survivors (8192K)
 Metaspace       used 160391K, capacity 165338K, committed 165580K, reserved 1193984K
  class space    used 19784K, capacity 21572K, committed 21708K, reserved 1048576K
GC Heap History (20 events):
Event: 6930.508 GC heap after
{Heap after GC invocations=135 (full 0):
 garbage-first heap   total 264192K, used 177702K [0x0000000080000000, 0x0000000100000000)
  region size 1024K, 3 young (3072K), 3 survivors (3072K)
 Metaspace       used 158966K, capacity 163865K, committed 164556K, reserved 1191936K
  class space    used 19697K, capacity 21482K, committed 21708K, reserved 1048576K
}
Event: 6930.538 GC heap before
{Heap before GC invocations=135 (full 0):
 garbage-first heap   total 264192K, used 186918K [0x0000000080000000, 0x0000000100000000)
  region size 1024K, 12 young (12288K), 3 survivors (3072K)
 Metaspace       used 158981K, capacity 163865K, committed 164556K, reserved 1191936K
  class space    used 19697K, capacity 21482K, committed 21708K, reserved 1048576K
}
Event: 6930.550 GC heap after
{Heap after GC invocations=136 (full 0):
 garbage-first heap   total 264192K, used 176601K [0x0000000080000000, 0x0000000100000000)
  region size 1024K, 2 young (2048K), 2 survivors (2048K)
 Metaspace       used 158981K, capacity 163865K, committed 164556K, reserved 1191936K
  class space    used 19697K, capacity 21482K, committed 21708K, reserved 1048576K
}
Event: 6931.033 GC heap before
{Heap before GC invocations=136 (full 0):
 garbage-first heap   total 264192K, used 217561K [0x0000000080000000, 0x0000000100000000)
  region size 1024K, 43 young (44032K), 2 survivors (2048K)
 Metaspace       used 159462K, capacity 164400K, committed 165068K, reserved 1191936K
  class space    used 19743K, capacity 21531K, committed 21708K, reserved 1048576K
}
Event: 6931.040 GC heap after
{Heap after GC invocations=137 (full 0):
 garbage-first heap   total 264192K, used 176393K [0x0000000080000000, 0x0000000100000000)
  region size 1024K, 2 young (2048K), 2 survivors (2048K)
 Metaspace       used 159462K, capacity 164400K, committed 165068K, reserved 1191936K
  class space    used 19743K, capacity 21531K, committed 21708K, reserved 1048576K
}
Event: 6931.757 GC heap before
{Heap before GC invocations=138 (full 0):
 garbage-first heap   total 264192K, used 228617K [0x0000000080000000, 0x0000000100000000)
  region size 1024K, 45 young (46080K), 2 survivors (2048K)
 Metaspace       used 159909K, capacity 164865K, committed 165324K, reserved 1193984K
  class space    used 19776K, capacity 21562K, committed 21708K, reserved 1048576K
}
Event: 6931.773 GC heap after
{Heap after GC invocations=139 (full 0):
 garbage-first heap   total 264192K, used 189440K [0x0000000080000000, 0x0000000100000000)
  region size 1024K, 6 young (6144K), 6 survivors (6144K)
 Metaspace       used 159909K, capacity 164865K, committed 165324K, reserved 1193984K
  class space    used 19776K, capacity 21562K, committed 21708K, reserved 1048576K
}
Event: 6931.796 GC heap before
{Heap before GC invocations=139 (full 0):
 garbage-first heap   total 264192K, used 194560K [0x0000000080000000, 0x0000000100000000)
  region size 1024K, 12 young (12288K), 6 survivors (6144K)
 Metaspace       used 159909K, capacity 164865K, committed 165324K, reserved 1193984K
  class space    used 19776K, capacity 21562K, committed 21708K, reserved 1048576K
}
Event: 6931.819 GC heap after
{Heap after GC invocations=140 (full 0):
 garbage-first heap   total 264192K, used 173490K [0x0000000080000000, 0x0000000100000000)
  region size 1024K, 2 young (2048K), 2 survivors (2048K)
 Metaspace       used 159909K, capacity 164865K, committed 165324K, reserved 1193984K
  class space    used 19776K, capacity 21562K, committed 21708K, reserved 1048576K
}
Event: 6931.861 GC heap before
{Heap before GC invocations=140 (full 0):
 garbage-first heap   total 264192K, used 183730K [0x0000000080000000, 0x0000000100000000)
  region size 1024K, 12 young (12288K), 2 survivors (2048K)
 Metaspace       used 159912K, capacity 164865K, committed 165324K, reserved 1193984K
  class space    used 19776K, capacity 21562K, committed 21708K, reserved 1048576K
}
Event: 6931.886 GC heap after
{Heap after GC invocations=141 (full 0):
 garbage-first heap   total 264192K, used 178383K [0x0000000080000000, 0x0000000100000000)
  region size 1024K, 2 young (2048K), 2 survivors (2048K)
 Metaspace       used 159912K, capacity 164865K, committed 165324K, reserved 1193984K
  class space    used 19776K, capacity 21562K, committed 21708K, reserved 1048576K
}
Event: 6932.062 GC heap before
{Heap before GC invocations=141 (full 0):
 garbage-first heap   total 264192K, used 215247K [0x0000000080000000, 0x0000000100000000)
  region size 1024K, 38 young (38912K), 2 survivors (2048K)
 Metaspace       used 160067K, capacity 165000K, committed 165324K, reserved 1193984K
  class space    used 19778K, capacity 21562K, committed 21708K, reserved 1048576K
}
Event: 6932.128 GC heap after
{Heap after GC invocations=142 (full 0):
 garbage-first heap   total 437248K, used 197247K [0x0000000080000000, 0x0000000100000000)
  region size 1024K, 5 young (5120K), 5 survivors (5120K)
 Metaspace       used 160067K, capacity 165000K, committed 165324K, reserved 1193984K
  class space    used 19778K, capacity 21562K, committed 21708K, reserved 1048576K
}
Event: 6932.964 GC heap before
{Heap before GC invocations=143 (full 0):
 garbage-first heap   total 437248K, used 285311K [0x0000000080000000, 0x0000000100000000)
  region size 1024K, 91 young (93184K), 5 survivors (5120K)
 Metaspace       used 160255K, capacity 165223K, committed 165580K, reserved 1193984K
  class space    used 19781K, capacity 21567K, committed 21708K, reserved 1048576K
}
Event: 6933.053 GC heap after
{Heap after GC invocations=144 (full 0):
 garbage-first heap   total 437248K, used 222971K [0x0000000080000000, 0x0000000100000000)
  region size 1024K, 12 young (12288K), 12 survivors (12288K)
 Metaspace       used 160255K, capacity 165223K, committed 165580K, reserved 1193984K
  class space    used 19781K, capacity 21567K, committed 21708K, reserved 1048576K
}
Event: 6933.200 GC heap before
{Heap before GC invocations=144 (full 0):
 garbage-first heap   total 437248K, used 234235K [0x0000000080000000, 0x0000000100000000)
  region size 1024K, 24 young (24576K), 12 survivors (12288K)
 Metaspace       used 160265K, capacity 165223K, committed 165580K, reserved 1193984K
  class space    used 19781K, capacity 21567K, committed 21708K, reserved 1048576K
}
Event: 6933.272 GC heap after
{Heap after GC invocations=145 (full 0):
 garbage-first heap   total 437248K, used 227468K [0x0000000080000000, 0x0000000100000000)
  region size 1024K, 3 young (3072K), 3 survivors (3072K)
 Metaspace       used 160265K, capacity 165223K, committed 165580K, reserved 1193984K
  class space    used 19781K, capacity 21567K, committed 21708K, reserved 1048576K
}
Event: 6934.729 GC heap before
{Heap before GC invocations=145 (full 0):
 garbage-first heap   total 437248K, used 304268K [0x0000000080000000, 0x0000000100000000)
  region size 1024K, 69 young (70656K), 3 survivors (3072K)
 Metaspace       used 160316K, capacity 165312K, committed 165580K, reserved 1193984K
  class space    used 19784K, capacity 21572K, committed 21708K, reserved 1048576K
}
Event: 6934.751 GC heap after
{Heap after GC invocations=146 (full 0):
 garbage-first heap   total 437248K, used 241684K [0x0000000080000000, 0x0000000100000000)
  region size 1024K, 8 young (8192K), 8 survivors (8192K)
 Metaspace       used 160316K, capacity 165312K, committed 165580K, reserved 1193984K
  class space    used 19784K, capacity 21572K, committed 21708K, reserved 1048576K
}
Event: 6934.974 GC heap before
{Heap before GC invocations=147 (full 0):
 garbage-first heap   total 437248K, used 305172K [0x0000000080000000, 0x0000000100000000)
  region size 1024K, 61 young (62464K), 8 survivors (8192K)
 Metaspace       used 160391K, capacity 165338K, committed 165580K, reserved 1193984K
  class space    used 19784K, capacity 21572K, committed 21708K, reserved 1048576K
}

