# JRE version: OpenJDK Runtime Environment (11.0.10) (build 11.0.10+0-b96-7249189)
# Java VM: OpenJDK 64-Bit Server VM (11.0.10+0-b96-7249189, mixed mode, tiered, compressed oops, g1 gc, windows-amd64)
Heap:
 garbage-first heap   total 157696K, used 116837K [0x0000000080000000, 0x0000000100000000)
  region size 1024K, 42 young (43008K), 3 survivors (3072K)
 Metaspace       used 61419K, capacity 63105K, committed 63360K, reserved 1103872K
  class space    used 7897K, capacity 8502K, committed 8576K, reserved 1048576K
GC Heap History (20 events):
Event: 2.051 GC heap before
{Heap before GC invocations=1 (full 0):
 garbage-first heap   total 131072K, used 83735K [0x0000000080000000, 0x0000000100000000)
  region size 1024K, 76 young (77824K), 3 survivors (3072K)
 Metaspace       used 17807K, capacity 18282K, committed 18432K, reserved 1064960K
  class space    used 2111K, capacity 2249K, committed 2304K, reserved 1048576K
}
Event: 2.057 GC heap after
{Heap after GC invocations=2 (full 0):
 garbage-first heap   total 131072K, used 16151K [0x0000000080000000, 0x0000000100000000)
  region size 1024K, 10 young (10240K), 10 survivors (10240K)
 Metaspace       used 17807K, capacity 18282K, committed 18432K, reserved 1064960K
  class space    used 2111K, capacity 2249K, committed 2304K, reserved 1048576K
}
Event: 2.260 GC heap before
{Heap before GC invocations=2 (full 0):
 garbage-first heap   total 131072K, used 36631K [0x0000000080000000, 0x0000000100000000)
  region size 1024K, 32 young (32768K), 10 survivors (10240K)
 Metaspace       used 20594K, capacity 21117K, committed 21248K, reserved 1067008K
  class space    used 2514K, capacity 2731K, committed 2816K, reserved 1048576K
}
Event: 2.269 GC heap after
{Heap after GC invocations=3 (full 0):
 garbage-first heap   total 131072K, used 17179K [0x0000000080000000, 0x0000000100000000)
  region size 1024K, 1 young (1024K), 1 survivors (1024K)
 Metaspace       used 20594K, capacity 21117K, committed 21248K, reserved 1067008K
  class space    used 2514K, capacity 2731K, committed 2816K, reserved 1048576K
}
Event: 2.823 GC heap before
{Heap before GC invocations=4 (full 0):
 garbage-first heap   total 131072K, used 68379K [0x0000000080000000, 0x0000000100000000)
  region size 1024K, 51 young (52224K), 1 survivors (1024K)
 Metaspace       used 25943K, capacity 26567K, committed 26752K, reserved 1073152K
  class space    used 3399K, capacity 3638K, committed 3712K, reserved 1048576K
}
Event: 2.827 GC heap after
{Heap after GC invocations=5 (full 0):
 garbage-first heap   total 131072K, used 18948K [0x0000000080000000, 0x0000000100000000)
  region size 1024K, 3 young (3072K), 3 survivors (3072K)
 Metaspace       used 25943K, capacity 26567K, committed 26752K, reserved 1073152K
  class space    used 3399K, capacity 3638K, committed 3712K, reserved 1048576K
}
Event: 3.487 GC heap before
{Heap before GC invocations=5 (full 0):
 garbage-first heap   total 131072K, used 85508K [0x0000000080000000, 0x0000000100000000)
  region size 1024K, 58 young (59392K), 3 survivors (3072K)
 Metaspace       used 31617K, capacity 32467K, committed 32768K, reserved 1077248K
  class space    used 4236K, capacity 4558K, committed 4608K, reserved 1048576K
}
Event: 3.492 GC heap after
{Heap after GC invocations=6 (full 0):
 garbage-first heap   total 131072K, used 33791K [0x0000000080000000, 0x0000000100000000)
  region size 1024K, 8 young (8192K), 8 survivors (8192K)
 Metaspace       used 31617K, capacity 32467K, committed 32768K, reserved 1077248K
  class space    used 4236K, capacity 4558K, committed 4608K, reserved 1048576K
}
Event: 3.755 GC heap before
{Heap before GC invocations=6 (full 0):
 garbage-first heap   total 131072K, used 45055K [0x0000000080000000, 0x0000000100000000)
  region size 1024K, 20 young (20480K), 8 survivors (8192K)
 Metaspace       used 34833K, capacity 35726K, committed 35840K, reserved 1081344K
  class space    used 4559K, capacity 4899K, committed 4992K, reserved 1048576K
}
Event: 3.765 GC heap after
{Heap after GC invocations=7 (full 0):
 garbage-first heap   total 131072K, used 35697K [0x0000000080000000, 0x0000000100000000)
  region size 1024K, 3 young (3072K), 3 survivors (3072K)
 Metaspace       used 34833K, capacity 35726K, committed 35840K, reserved 1081344K
  class space    used 4559K, capacity 4899K, committed 4992K, reserved 1048576K
}
Event: 4.338 GC heap before
{Heap before GC invocations=8 (full 0):
 garbage-first heap   total 131072K, used 92017K [0x0000000080000000, 0x0000000100000000)
  region size 1024K, 56 young (57344K), 3 survivors (3072K)
 Metaspace       used 40343K, capacity 41333K, committed 41472K, reserved 1085440K
  class space    used 5184K, capacity 5572K, committed 5632K, reserved 1048576K
}
Event: 4.347 GC heap after
{Heap after GC invocations=9 (full 0):
 garbage-first heap   total 131072K, used 39425K [0x0000000080000000, 0x0000000100000000)
  region size 1024K, 6 young (6144K), 6 survivors (6144K)
 Metaspace       used 40343K, capacity 41333K, committed 41472K, reserved 1085440K
  class space    used 5184K, capacity 5572K, committed 5632K, reserved 1048576K
}
Event: 5.055 GC heap before
{Heap before GC invocations=10 (full 0):
 garbage-first heap   total 131072K, used 101889K [0x0000000080000000, 0x0000000100000000)
  region size 1024K, 59 young (60416K), 6 survivors (6144K)
 Metaspace       used 44407K, capacity 45669K, committed 45824K, reserved 1089536K
  class space    used 5600K, capacity 6050K, committed 6144K, reserved 1048576K
}
Event: 5.064 GC heap after
{Heap after GC invocations=11 (full 0):
 garbage-first heap   total 157696K, used 52412K [0x0000000080000000, 0x0000000100000000)
  region size 1024K, 8 young (8192K), 8 survivors (8192K)
 Metaspace       used 44407K, capacity 45669K, committed 45824K, reserved 1089536K
  class space    used 5600K, capacity 6050K, committed 6144K, reserved 1048576K
}
Event: 5.638 GC heap before
{Heap before GC invocations=11 (full 0):
 garbage-first heap   total 157696K, used 113852K [0x0000000080000000, 0x0000000100000000)
  region size 1024K, 68 young (69632K), 8 survivors (8192K)
 Metaspace       used 47777K, capacity 49192K, committed 49408K, reserved 1091584K
  class space    used 6164K, capacity 6628K, committed 6656K, reserved 1048576K
}
Event: 5.648 GC heap after
{Heap after GC invocations=12 (full 0):
 garbage-first heap   total 157696K, used 56577K [0x0000000080000000, 0x0000000100000000)
  region size 1024K, 4 young (4096K), 4 survivors (4096K)
 Metaspace       used 47777K, capacity 49192K, committed 49408K, reserved 1091584K
  class space    used 6164K, capacity 6628K, committed 6656K, reserved 1048576K
}
Event: 6.442 GC heap before
{Heap before GC invocations=12 (full 0):
 garbage-first heap   total 157696K, used 125185K [0x0000000080000000, 0x0000000100000000)
  region size 1024K, 64 young (65536K), 4 survivors (4096K)
 Metaspace       used 51742K, capacity 53261K, committed 53376K, reserved 1095680K
  class space    used 6711K, capacity 7229K, committed 7296K, reserved 1048576K
}
Event: 6.450 GC heap after
{Heap after GC invocations=13 (full 0):
 garbage-first heap   total 157696K, used 74890K [0x0000000080000000, 0x0000000100000000)
  region size 1024K, 8 young (8192K), 8 survivors (8192K)
 Metaspace       used 51742K, capacity 53261K, committed 53376K, reserved 1095680K
  class space    used 6711K, capacity 7229K, committed 7296K, reserved 1048576K
}
Event: 7.068 GC heap before
{Heap before GC invocations=13 (full 0):
 garbage-first heap   total 157696K, used 120970K [0x0000000080000000, 0x0000000100000000)
  region size 1024K, 53 young (54272K), 8 survivors (8192K)
 Metaspace       used 55713K, capacity 57463K, committed 57728K, reserved 1099776K
  class space    used 7212K, capacity 7793K, committed 7808K, reserved 1048576K
}
Event: 7.074 GC heap after
{Heap after GC invocations=14 (full 0):
 garbage-first heap   total 157696K, used 77925K [0x0000000080000000, 0x0000000100000000)
  region size 1024K, 3 young (3072K), 3 survivors (3072K)
 Metaspace       used 55713K, capacity 57463K, committed 57728K, reserved 1099776K
  class space    used 7212K, capacity 7793K, committed 7808K, reserved 1048576K
}

