# JRE version: OpenJDK Runtime Environment (11.0.10) (build 11.0.10+0-b96-7249189)
# Java VM: OpenJDK 64-Bit Server VM (11.0.10+0-b96-7249189, mixed mode, tiered, compressed oops, g1 gc, windows-amd64)
Heap:
 garbage-first heap   total 157696K, used 110293K [0x0000000080000000, 0x0000000100000000)
  region size 1024K, 35 young (35840K), 3 survivors (3072K)
 Metaspace       used 61209K, capacity 62959K, committed 63104K, reserved 1103872K
  class space    used 7877K, capacity 8496K, committed 8576K, reserved 1048576K
GC Heap History (20 events):
Event: 2.120 GC heap before
{Heap before GC invocations=2 (full 0):
 garbage-first heap   total 131072K, used 36723K [0x0000000080000000, 0x0000000100000000)
  region size 1024K, 32 young (32768K), 10 survivors (10240K)
 Metaspace       used 20563K, capacity 21117K, committed 21248K, reserved 1067008K
  class space    used 2514K, capacity 2731K, committed 2816K, reserved 1048576K
}
Event: 2.127 GC heap after
{Heap after GC invocations=3 (full 0):
 garbage-first heap   total 131072K, used 17120K [0x0000000080000000, 0x0000000100000000)
  region size 1024K, 1 young (1024K), 1 survivors (1024K)
 Metaspace       used 20563K, capacity 21117K, committed 21248K, reserved 1067008K
  class space    used 2514K, capacity 2731K, committed 2816K, reserved 1048576K
}
Event: 2.606 GC heap before
{Heap before GC invocations=4 (full 0):
 garbage-first heap   total 131072K, used 67296K [0x0000000080000000, 0x0000000100000000)
  region size 1024K, 50 young (51200K), 1 survivors (1024K)
 Metaspace       used 25894K, capacity 26500K, committed 26752K, reserved 1073152K
  class space    used 3397K, capacity 3637K, committed 3712K, reserved 1048576K
}
Event: 2.609 GC heap after
{Heap after GC invocations=5 (full 0):
 garbage-first heap   total 131072K, used 18846K [0x0000000080000000, 0x0000000100000000)
  region size 1024K, 3 young (3072K), 3 survivors (3072K)
 Metaspace       used 25894K, capacity 26500K, committed 26752K, reserved 1073152K
  class space    used 3397K, capacity 3637K, committed 3712K, reserved 1048576K
}
Event: 3.294 GC heap before
{Heap before GC invocations=5 (full 0):
 garbage-first heap   total 131072K, used 83358K [0x0000000080000000, 0x0000000100000000)
  region size 1024K, 57 young (58368K), 3 survivors (3072K)
 Metaspace       used 30926K, capacity 31760K, committed 32000K, reserved 1077248K
  class space    used 4182K, capacity 4493K, committed 4608K, reserved 1048576K
}
Event: 3.298 GC heap after
{Heap after GC invocations=6 (full 0):
 garbage-first heap   total 131072K, used 33640K [0x0000000080000000, 0x0000000100000000)
  region size 1024K, 7 young (7168K), 7 survivors (7168K)
 Metaspace       used 30926K, capacity 31760K, committed 32000K, reserved 1077248K
  class space    used 4182K, capacity 4493K, committed 4608K, reserved 1048576K
}
Event: 3.557 GC heap before
{Heap before GC invocations=6 (full 0):
 garbage-first heap   total 131072K, used 45928K [0x0000000080000000, 0x0000000100000000)
  region size 1024K, 20 young (20480K), 7 survivors (7168K)
 Metaspace       used 34832K, capacity 35726K, committed 35840K, reserved 1081344K
  class space    used 4560K, capacity 4899K, committed 4992K, reserved 1048576K
}
Event: 3.572 GC heap after
{Heap after GC invocations=7 (full 0):
 garbage-first heap   total 131072K, used 35722K [0x0000000080000000, 0x0000000100000000)
  region size 1024K, 3 young (3072K), 3 survivors (3072K)
 Metaspace       used 34832K, capacity 35726K, committed 35840K, reserved 1081344K
  class space    used 4560K, capacity 4899K, committed 4992K, reserved 1048576K
}
Event: 4.107 GC heap before
{Heap before GC invocations=8 (full 0):
 garbage-first heap   total 131072K, used 78730K [0x0000000080000000, 0x0000000100000000)
  region size 1024K, 43 young (44032K), 3 survivors (3072K)
 Metaspace       used 39105K, capacity 40070K, committed 40192K, reserved 1083392K
  class space    used 4983K, capacity 5363K, committed 5376K, reserved 1048576K
}
Event: 4.115 GC heap after
{Heap after GC invocations=9 (full 0):
 garbage-first heap   total 131072K, used 38981K [0x0000000080000000, 0x0000000100000000)
  region size 1024K, 6 young (6144K), 6 survivors (6144K)
 Metaspace       used 39105K, capacity 40070K, committed 40192K, reserved 1083392K
  class space    used 4983K, capacity 5363K, committed 5376K, reserved 1048576K
}
Event: 4.637 GC heap before
{Heap before GC invocations=10 (full 0):
 garbage-first heap   total 131072K, used 90181K [0x0000000080000000, 0x0000000100000000)
  region size 1024K, 48 young (49152K), 6 survivors (6144K)
 Metaspace       used 42254K, capacity 43462K, committed 43520K, reserved 1087488K
  class space    used 5445K, capacity 5869K, committed 5888K, reserved 1048576K
}
Event: 4.644 GC heap after
{Heap after GC invocations=11 (full 0):
 garbage-first heap   total 157696K, used 51261K [0x0000000080000000, 0x0000000100000000)
  region size 1024K, 5 young (5120K), 5 survivors (5120K)
 Metaspace       used 42254K, capacity 43462K, committed 43520K, reserved 1087488K
  class space    used 5445K, capacity 5869K, committed 5888K, reserved 1048576K
}
Event: 5.177 GC heap before
{Heap before GC invocations=11 (full 0):
 garbage-first heap   total 157696K, used 103485K [0x0000000080000000, 0x0000000100000000)
  region size 1024K, 55 young (56320K), 5 survivors (5120K)
 Metaspace       used 45640K, capacity 46869K, committed 46976K, reserved 1089536K
  class space    used 5800K, capacity 6235K, committed 6272K, reserved 1048576K
}
Event: 5.182 GC heap after
{Heap after GC invocations=12 (full 0):
 garbage-first heap   total 157696K, used 55175K [0x0000000080000000, 0x0000000100000000)
  region size 1024K, 5 young (5120K), 5 survivors (5120K)
 Metaspace       used 45640K, capacity 46869K, committed 46976K, reserved 1089536K
  class space    used 5800K, capacity 6235K, committed 6272K, reserved 1048576K
}
Event: 5.742 GC heap before
{Heap before GC invocations=12 (full 0):
 garbage-first heap   total 157696K, used 107399K [0x0000000080000000, 0x0000000100000000)
  region size 1024K, 56 young (57344K), 5 survivors (5120K)
 Metaspace       used 48928K, capacity 50388K, committed 50688K, reserved 1093632K
  class space    used 6290K, capacity 6788K, committed 6912K, reserved 1048576K
}
Event: 5.749 GC heap after
{Heap after GC invocations=13 (full 0):
 garbage-first heap   total 157696K, used 58287K [0x0000000080000000, 0x0000000100000000)
  region size 1024K, 3 young (3072K), 3 survivors (3072K)
 Metaspace       used 48928K, capacity 50388K, committed 50688K, reserved 1093632K
  class space    used 6290K, capacity 6788K, committed 6912K, reserved 1048576K
}
Event: 6.617 GC heap before
{Heap before GC invocations=13 (full 0):
 garbage-first heap   total 157696K, used 121775K [0x0000000080000000, 0x0000000100000000)
  region size 1024K, 57 young (58368K), 3 survivors (3072K)
 Metaspace       used 52572K, capacity 54090K, committed 54272K, reserved 1095680K
  class space    used 6848K, capacity 7356K, committed 7424K, reserved 1048576K
}
Event: 6.626 GC heap after
{Heap after GC invocations=14 (full 0):
 garbage-first heap   total 157696K, used 75957K [0x0000000080000000, 0x0000000100000000)
  region size 1024K, 8 young (8192K), 8 survivors (8192K)
 Metaspace       used 52572K, capacity 54090K, committed 54272K, reserved 1095680K
  class space    used 6848K, capacity 7356K, committed 7424K, reserved 1048576K
}
Event: 7.283 GC heap before
{Heap before GC invocations=14 (full 0):
 garbage-first heap   total 157696K, used 117941K [0x0000000080000000, 0x0000000100000000)
  region size 1024K, 49 young (50176K), 8 survivors (8192K)
 Metaspace       used 56516K, capacity 58209K, committed 58368K, reserved 1099776K
  class space    used 7308K, capacity 7894K, committed 7936K, reserved 1048576K
}
Event: 7.291 GC heap after
{Heap after GC invocations=15 (full 0):
 garbage-first heap   total 157696K, used 78549K [0x0000000080000000, 0x0000000100000000)
  region size 1024K, 3 young (3072K), 3 survivors (3072K)
 Metaspace       used 56516K, capacity 58209K, committed 58368K, reserved 1099776K
  class space    used 7308K, capacity 7894K, committed 7936K, reserved 1048576K
}

