# JRE version: OpenJDK Runtime Environment (11.0.10) (build 11.0.10+0-b96-7249189)
# Java VM: OpenJDK 64-Bit Server VM (11.0.10+0-b96-7249189, mixed mode, tiered, compressed oops, g1 gc, windows-amd64)
Heap:
 garbage-first heap   total 189440K, used 96206K [0x0000000080000000, 0x0000000100000000)
  region size 1024K, 28 young (28672K), 8 survivors (8192K)
 Metaspace       used 54578K, capacity 56183K, committed 56320K, reserved 1097728K
  class space    used 7060K, capacity 7603K, committed 7680K, reserved 1048576K
GC Heap History (20 events):
Event: 0.688 GC heap before
{Heap before GC invocations=0 (full 0):
 garbage-first heap   total 131072K, used 29696K [0x0000000080000000, 0x0000000100000000)
  region size 1024K, 24 young (24576K), 0 survivors (0K)
 Metaspace       used 9794K, capacity 9986K, committed 10112K, reserved 1058816K
  class space    used 1022K, capacity 1102K, committed 1152K, reserved 1048576K
}
Event: 0.695 GC heap after
{Heap after GC invocations=1 (full 0):
 garbage-first heap   total 131072K, used 9079K [0x0000000080000000, 0x0000000100000000)
  region size 1024K, 3 young (3072K), 3 survivors (3072K)
 Metaspace       used 9794K, capacity 9986K, committed 10112K, reserved 1058816K
  class space    used 1022K, capacity 1102K, committed 1152K, reserved 1048576K
}
Event: 0.992 GC heap before
{Heap before GC invocations=1 (full 0):
 garbage-first heap   total 131072K, used 41847K [0x0000000080000000, 0x0000000100000000)
  region size 1024K, 35 young (35840K), 3 survivors (3072K)
 Metaspace       used 10781K, capacity 11003K, committed 11264K, reserved 1058816K
  class space    used 1125K, capacity 1206K, committed 1280K, reserved 1048576K
}
Event: 0.998 GC heap after
{Heap after GC invocations=2 (full 0):
 garbage-first heap   total 131072K, used 12531K [0x0000000080000000, 0x0000000100000000)
  region size 1024K, 4 young (4096K), 4 survivors (4096K)
 Metaspace       used 10781K, capacity 11003K, committed 11264K, reserved 1058816K
  class space    used 1125K, capacity 1206K, committed 1280K, reserved 1048576K
}
Event: 2.210 GC heap before
{Heap before GC invocations=2 (full 0):
 garbage-first heap   total 131072K, used 58611K [0x0000000080000000, 0x0000000100000000)
  region size 1024K, 49 young (50176K), 4 survivors (4096K)
 Metaspace       used 18722K, capacity 19157K, committed 19328K, reserved 1067008K
  class space    used 2250K, capacity 2413K, committed 2432K, reserved 1048576K
}
Event: 2.216 GC heap after
{Heap after GC invocations=3 (full 0):
 garbage-first heap   total 131072K, used 16784K [0x0000000080000000, 0x0000000100000000)
  region size 1024K, 7 young (7168K), 7 survivors (7168K)
 Metaspace       used 18722K, capacity 19157K, committed 19328K, reserved 1067008K
  class space    used 2250K, capacity 2413K, committed 2432K, reserved 1048576K
}
Event: 2.363 GC heap before
{Heap before GC invocations=3 (full 0):
 garbage-first heap   total 131072K, used 33168K [0x0000000080000000, 0x0000000100000000)
  region size 1024K, 24 young (24576K), 7 survivors (7168K)
 Metaspace       used 20586K, capacity 21117K, committed 21248K, reserved 1067008K
  class space    used 2514K, capacity 2731K, committed 2816K, reserved 1048576K
}
Event: 2.370 GC heap after
{Heap after GC invocations=4 (full 0):
 garbage-first heap   total 131072K, used 17626K [0x0000000080000000, 0x0000000100000000)
  region size 1024K, 5 young (5120K), 5 survivors (5120K)
 Metaspace       used 20586K, capacity 21117K, committed 21248K, reserved 1067008K
  class space    used 2514K, capacity 2731K, committed 2816K, reserved 1048576K
}
Event: 2.895 GC heap before
{Heap before GC invocations=5 (full 0):
 garbage-first heap   total 131072K, used 65754K [0x0000000080000000, 0x0000000100000000)
  region size 1024K, 52 young (53248K), 5 survivors (5120K)
 Metaspace       used 25726K, capacity 26287K, committed 26496K, reserved 1073152K
  class space    used 3365K, capacity 3587K, committed 3712K, reserved 1048576K
}
Event: 2.902 GC heap after
{Heap after GC invocations=6 (full 0):
 garbage-first heap   total 157696K, used 19380K [0x0000000080000000, 0x0000000100000000)
  region size 1024K, 3 young (3072K), 3 survivors (3072K)
 Metaspace       used 25726K, capacity 26287K, committed 26496K, reserved 1073152K
  class space    used 3365K, capacity 3587K, committed 3712K, reserved 1048576K
}
Event: 4.026 GC heap before
{Heap before GC invocations=6 (full 0):
 garbage-first heap   total 157696K, used 98228K [0x0000000080000000, 0x0000000100000000)
  region size 1024K, 71 young (72704K), 3 survivors (3072K)
 Metaspace       used 34827K, capacity 35727K, committed 35840K, reserved 1081344K
  class space    used 4557K, capacity 4899K, committed 4992K, reserved 1048576K
}
Event: 4.037 GC heap after
{Heap after GC invocations=7 (full 0):
 garbage-first heap   total 157696K, used 35922K [0x0000000080000000, 0x0000000100000000)
  region size 1024K, 9 young (9216K), 9 survivors (9216K)
 Metaspace       used 34827K, capacity 35727K, committed 35840K, reserved 1081344K
  class space    used 4557K, capacity 4899K, committed 4992K, reserved 1048576K
}
Event: 4.767 GC heap before
{Heap before GC invocations=8 (full 0):
 garbage-first heap   total 157696K, used 102482K [0x0000000080000000, 0x0000000100000000)
  region size 1024K, 71 young (72704K), 9 survivors (9216K)
 Metaspace       used 41038K, capacity 42103K, committed 42368K, reserved 1085440K
  class space    used 5275K, capacity 5681K, committed 5760K, reserved 1048576K
}
Event: 4.778 GC heap after
{Heap after GC invocations=9 (full 0):
 garbage-first heap   total 157696K, used 40427K [0x0000000080000000, 0x0000000100000000)
  region size 1024K, 5 young (5120K), 5 survivors (5120K)
 Metaspace       used 41038K, capacity 42103K, committed 42368K, reserved 1085440K
  class space    used 5275K, capacity 5681K, committed 5760K, reserved 1048576K
}
Event: 5.617 GC heap before
{Heap before GC invocations=9 (full 0):
 garbage-first heap   total 157696K, used 113131K [0x0000000080000000, 0x0000000100000000)
  region size 1024K, 68 young (69632K), 5 survivors (5120K)
 Metaspace       used 45180K, capacity 46418K, committed 46592K, reserved 1089536K
  class space    used 5709K, capacity 6129K, committed 6144K, reserved 1048576K
}
Event: 5.624 GC heap after
{Heap after GC invocations=10 (full 0):
 garbage-first heap   total 157696K, used 54724K [0x0000000080000000, 0x0000000100000000)
  region size 1024K, 9 young (9216K), 9 survivors (9216K)
 Metaspace       used 45180K, capacity 46418K, committed 46592K, reserved 1089536K
  class space    used 5709K, capacity 6129K, committed 6144K, reserved 1048576K
}
Event: 6.339 GC heap before
{Heap before GC invocations=10 (full 0):
 garbage-first heap   total 157696K, used 115140K [0x0000000080000000, 0x0000000100000000)
  region size 1024K, 68 young (69632K), 9 survivors (9216K)
 Metaspace       used 48965K, capacity 50415K, committed 50560K, reserved 1093632K
  class space    used 6288K, capacity 6755K, committed 6784K, reserved 1048576K
}
Event: 6.349 GC heap after
{Heap after GC invocations=11 (full 0):
 garbage-first heap   total 157696K, used 59044K [0x0000000080000000, 0x0000000100000000)
  region size 1024K, 4 young (4096K), 4 survivors (4096K)
 Metaspace       used 48965K, capacity 50415K, committed 50560K, reserved 1093632K
  class space    used 6288K, capacity 6755K, committed 6784K, reserved 1048576K
}
Event: 7.416 GC heap before
{Heap before GC invocations=11 (full 0):
 garbage-first heap   total 157696K, used 125604K [0x0000000080000000, 0x0000000100000000)
  region size 1024K, 62 young (63488K), 4 survivors (4096K)
 Metaspace       used 52639K, capacity 54207K, committed 54528K, reserved 1095680K
  class space    used 6845K, capacity 7351K, committed 7424K, reserved 1048576K
}
Event: 7.428 GC heap after
{Heap after GC invocations=12 (full 0):
 garbage-first heap   total 189440K, used 76750K [0x0000000080000000, 0x0000000100000000)
  region size 1024K, 8 young (8192K), 8 survivors (8192K)
 Metaspace       used 52639K, capacity 54207K, committed 54528K, reserved 1095680K
  class space    used 6845K, capacity 7351K, committed 7424K, reserved 1048576K
}

