# JRE version: OpenJDK Runtime Environment (11.0.10) (build 11.0.10+0-b96-7249189)
# Java VM: OpenJDK 64-Bit Server VM (11.0.10+0-b96-7249189, mixed mode, tiered, compressed oops, g1 gc, windows-amd64)
Heap:
 garbage-first heap   total 157696K, used 106157K [0x0000000080000000, 0x0000000100000000)
  region size 1024K, 41 young (41984K), 9 survivors (9216K)
 Metaspace       used 52522K, capacity 54125K, committed 54272K, reserved 1095680K
  class space    used 6832K, capacity 7366K, committed 7424K, reserved 1048576K
GC Heap History (18 events):
Event: 1.073 GC heap before
{Heap before GC invocations=0 (full 0):
 garbage-first heap   total 131072K, used 29696K [0x0000000080000000, 0x0000000100000000)
  region size 1024K, 24 young (24576K), 0 survivors (0K)
 Metaspace       used 9798K, capacity 9986K, committed 10112K, reserved 1058816K
  class space    used 1021K, capacity 1102K, committed 1152K, reserved 1048576K
}
Event: 1.082 GC heap after
{Heap after GC invocations=1 (full 0):
 garbage-first heap   total 131072K, used 9379K [0x0000000080000000, 0x0000000100000000)
  region size 1024K, 3 young (3072K), 3 survivors (3072K)
 Metaspace       used 9798K, capacity 9986K, committed 10112K, reserved 1058816K
  class space    used 1021K, capacity 1102K, committed 1152K, reserved 1048576K
}
Event: 2.890 GC heap before
{Heap before GC invocations=1 (full 0):
 garbage-first heap   total 131072K, used 85155K [0x0000000080000000, 0x0000000100000000)
  region size 1024K, 76 young (77824K), 3 survivors (3072K)
 Metaspace       used 17818K, capacity 18282K, committed 18432K, reserved 1064960K
  class space    used 2112K, capacity 2249K, committed 2304K, reserved 1048576K
}
Event: 2.899 GC heap after
{Heap after GC invocations=2 (full 0):
 garbage-first heap   total 131072K, used 15847K [0x0000000080000000, 0x0000000100000000)
  region size 1024K, 10 young (10240K), 10 survivors (10240K)
 Metaspace       used 17818K, capacity 18282K, committed 18432K, reserved 1064960K
  class space    used 2112K, capacity 2249K, committed 2304K, reserved 1048576K
}
Event: 3.130 GC heap before
{Heap before GC invocations=2 (full 0):
 garbage-first heap   total 131072K, used 36327K [0x0000000080000000, 0x0000000100000000)
  region size 1024K, 32 young (32768K), 10 survivors (10240K)
 Metaspace       used 20587K, capacity 21085K, committed 21248K, reserved 1067008K
  class space    used 2513K, capacity 2699K, committed 2816K, reserved 1048576K
}
Event: 3.138 GC heap after
{Heap after GC invocations=3 (full 0):
 garbage-first heap   total 131072K, used 17059K [0x0000000080000000, 0x0000000100000000)
  region size 1024K, 1 young (1024K), 1 survivors (1024K)
 Metaspace       used 20587K, capacity 21085K, committed 21248K, reserved 1067008K
  class space    used 2513K, capacity 2699K, committed 2816K, reserved 1048576K
}
Event: 4.007 GC heap before
{Heap before GC invocations=4 (full 0):
 garbage-first heap   total 131072K, used 90787K [0x0000000080000000, 0x0000000100000000)
  region size 1024K, 63 young (64512K), 1 survivors (1024K)
 Metaspace       used 26643K, capacity 27463K, committed 27648K, reserved 1073152K
  class space    used 3511K, capacity 3805K, committed 3840K, reserved 1048576K
}
Event: 4.012 GC heap after
{Heap after GC invocations=5 (full 0):
 garbage-first heap   total 131072K, used 32478K [0x0000000080000000, 0x0000000100000000)
  region size 1024K, 6 young (6144K), 6 survivors (6144K)
 Metaspace       used 26643K, capacity 27463K, committed 27648K, reserved 1073152K
  class space    used 3511K, capacity 3805K, committed 3840K, reserved 1048576K
}
Event: 4.907 GC heap before
{Heap before GC invocations=5 (full 0):
 garbage-first heap   total 131072K, used 85726K [0x0000000080000000, 0x0000000100000000)
  region size 1024K, 59 young (60416K), 6 survivors (6144K)
 Metaspace       used 34772K, capacity 35715K, committed 35840K, reserved 1081344K
  class space    used 4547K, capacity 4895K, committed 4992K, reserved 1048576K
}
Event: 4.917 GC heap after
{Heap after GC invocations=6 (full 0):
 garbage-first heap   total 131072K, used 35268K [0x0000000080000000, 0x0000000100000000)
  region size 1024K, 4 young (4096K), 4 survivors (4096K)
 Metaspace       used 34772K, capacity 35715K, committed 35840K, reserved 1081344K
  class space    used 4547K, capacity 4895K, committed 4992K, reserved 1048576K
}
Event: 5.513 GC heap before
{Heap before GC invocations=7 (full 0):
 garbage-first heap   total 131072K, used 94660K [0x0000000080000000, 0x0000000100000000)
  region size 1024K, 60 young (61440K), 4 survivors (4096K)
 Metaspace       used 40141K, capacity 41177K, committed 41472K, reserved 1085440K
  class space    used 5165K, capacity 5542K, committed 5632K, reserved 1048576K
}
Event: 5.520 GC heap after
{Heap after GC invocations=8 (full 0):
 garbage-first heap   total 131072K, used 39222K [0x0000000080000000, 0x0000000100000000)
  region size 1024K, 7 young (7168K), 7 survivors (7168K)
 Metaspace       used 40141K, capacity 41177K, committed 41472K, reserved 1085440K
  class space    used 5165K, capacity 5542K, committed 5632K, reserved 1048576K
}
Event: 6.304 GC heap before
{Heap before GC invocations=8 (full 0):
 garbage-first heap   total 131072K, used 103734K [0x0000000080000000, 0x0000000100000000)
  region size 1024K, 62 young (63488K), 7 survivors (7168K)
 Metaspace       used 44060K, capacity 45288K, committed 45440K, reserved 1089536K
  class space    used 5555K, capacity 5986K, committed 6016K, reserved 1048576K
}
Event: 6.313 GC heap after
{Heap after GC invocations=9 (full 0):
 garbage-first heap   total 131072K, used 53462K [0x0000000080000000, 0x0000000100000000)
  region size 1024K, 7 young (7168K), 7 survivors (7168K)
 Metaspace       used 44060K, capacity 45288K, committed 45440K, reserved 1089536K
  class space    used 5555K, capacity 5986K, committed 6016K, reserved 1048576K
}
Event: 6.808 GC heap before
{Heap before GC invocations=9 (full 0):
 garbage-first heap   total 131072K, used 100566K [0x0000000080000000, 0x0000000100000000)
  region size 1024K, 53 young (54272K), 7 survivors (7168K)
 Metaspace       used 46854K, capacity 48225K, committed 48512K, reserved 1091584K
  class space    used 6007K, capacity 6475K, committed 6528K, reserved 1048576K
}
Event: 6.815 GC heap after
{Heap after GC invocations=10 (full 0):
 garbage-first heap   total 157696K, used 55977K [0x0000000080000000, 0x0000000100000000)
  region size 1024K, 3 young (3072K), 3 survivors (3072K)
 Metaspace       used 46854K, capacity 48225K, committed 48512K, reserved 1091584K
  class space    used 6007K, capacity 6475K, committed 6528K, reserved 1048576K
}
Event: 7.985 GC heap before
{Heap before GC invocations=10 (full 0):
 garbage-first heap   total 157696K, used 126633K [0x0000000080000000, 0x0000000100000000)
  region size 1024K, 65 young (66560K), 3 survivors (3072K)
 Metaspace       used 50053K, capacity 51649K, committed 51712K, reserved 1093632K
  class space    used 6398K, capacity 6903K, committed 6912K, reserved 1048576K
}
Event: 7.994 GC heap after
{Heap after GC invocations=11 (full 0):
 garbage-first heap   total 157696K, used 74413K [0x0000000080000000, 0x0000000100000000)
  region size 1024K, 9 young (9216K), 9 survivors (9216K)
 Metaspace       used 50053K, capacity 51649K, committed 51712K, reserved 1093632K
  class space    used 6398K, capacity 6903K, committed 6912K, reserved 1048576K
}

