# JRE version: OpenJDK Runtime Environment (11.0.10) (build 11.0.10+0-b96-7249189)
# Java VM: OpenJDK 64-Bit Server VM (11.0.10+0-b96-7249189, mixed mode, tiered, compressed oops, g1 gc, windows-amd64)
Heap:
 garbage-first heap   total 157696K, used 99545K [0x0000000080000000, 0x0000000100000000)
  region size 1024K, 24 young (24576K), 3 survivors (3072K)
 Metaspace       used 60854K, capacity 62522K, committed 62720K, reserved 1103872K
  class space    used 7817K, capacity 8414K, committed 8448K, reserved 1048576K
GC Heap History (20 events):
Event: 2.303 GC heap before
{Heap before GC invocations=2 (full 0):
 garbage-first heap   total 131072K, used 36659K [0x0000000080000000, 0x0000000100000000)
  region size 1024K, 32 young (32768K), 10 survivors (10240K)
 Metaspace       used 20612K, capacity 21117K, committed 21248K, reserved 1067008K
  class space    used 2514K, capacity 2731K, committed 2816K, reserved 1048576K
}
Event: 2.310 GC heap after
{Heap after GC invocations=3 (full 0):
 garbage-first heap   total 131072K, used 17473K [0x0000000080000000, 0x0000000100000000)
  region size 1024K, 1 young (1024K), 1 survivors (1024K)
 Metaspace       used 20612K, capacity 21117K, committed 21248K, reserved 1067008K
  class space    used 2514K, capacity 2731K, committed 2816K, reserved 1048576K
}
Event: 2.831 GC heap before
{Heap before GC invocations=4 (full 0):
 garbage-first heap   total 131072K, used 67649K [0x0000000080000000, 0x0000000100000000)
  region size 1024K, 50 young (51200K), 1 survivors (1024K)
 Metaspace       used 25963K, capacity 26567K, committed 26752K, reserved 1073152K
  class space    used 3398K, capacity 3638K, committed 3712K, reserved 1048576K
}
Event: 2.834 GC heap after
{Heap after GC invocations=5 (full 0):
 garbage-first heap   total 131072K, used 19154K [0x0000000080000000, 0x0000000100000000)
  region size 1024K, 3 young (3072K), 3 survivors (3072K)
 Metaspace       used 25963K, capacity 26567K, committed 26752K, reserved 1073152K
  class space    used 3398K, capacity 3638K, committed 3712K, reserved 1048576K
}
Event: 3.971 GC heap before
{Heap before GC invocations=5 (full 0):
 garbage-first heap   total 131072K, used 84690K [0x0000000080000000, 0x0000000100000000)
  region size 1024K, 57 young (58368K), 3 survivors (3072K)
 Metaspace       used 31239K, capacity 32115K, committed 32256K, reserved 1077248K
  class space    used 4206K, capacity 4526K, committed 4608K, reserved 1048576K
}
Event: 3.976 GC heap after
{Heap after GC invocations=6 (full 0):
 garbage-first heap   total 131072K, used 33830K [0x0000000080000000, 0x0000000100000000)
  region size 1024K, 7 young (7168K), 7 survivors (7168K)
 Metaspace       used 31239K, capacity 32115K, committed 32256K, reserved 1077248K
  class space    used 4206K, capacity 4526K, committed 4608K, reserved 1048576K
}
Event: 4.458 GC heap before
{Heap before GC invocations=6 (full 0):
 garbage-first heap   total 131072K, used 46118K [0x0000000080000000, 0x0000000100000000)
  region size 1024K, 20 young (20480K), 7 survivors (7168K)
 Metaspace       used 34830K, capacity 35726K, committed 35840K, reserved 1081344K
  class space    used 4549K, capacity 4899K, committed 4992K, reserved 1048576K
}
Event: 4.470 GC heap after
{Heap after GC invocations=7 (full 0):
 garbage-first heap   total 131072K, used 36220K [0x0000000080000000, 0x0000000100000000)
  region size 1024K, 3 young (3072K), 3 survivors (3072K)
 Metaspace       used 34830K, capacity 35726K, committed 35840K, reserved 1081344K
  class space    used 4549K, capacity 4899K, committed 4992K, reserved 1048576K
}
Event: 6.083 GC heap before
{Heap before GC invocations=8 (full 0):
 garbage-first heap   total 131072K, used 81276K [0x0000000080000000, 0x0000000100000000)
  region size 1024K, 45 young (46080K), 3 survivors (3072K)
 Metaspace       used 39380K, capacity 40343K, committed 40448K, reserved 1085440K
  class space    used 5019K, capacity 5368K, committed 5376K, reserved 1048576K
}
Event: 6.097 GC heap after
{Heap after GC invocations=9 (full 0):
 garbage-first heap   total 131072K, used 39489K [0x0000000080000000, 0x0000000100000000)
  region size 1024K, 6 young (6144K), 6 survivors (6144K)
 Metaspace       used 39380K, capacity 40343K, committed 40448K, reserved 1085440K
  class space    used 5019K, capacity 5368K, committed 5376K, reserved 1048576K
}
Event: 7.619 GC heap before
{Heap before GC invocations=10 (full 0):
 garbage-first heap   total 131072K, used 91713K [0x0000000080000000, 0x0000000100000000)
  region size 1024K, 50 young (51200K), 6 survivors (6144K)
 Metaspace       used 42496K, capacity 43717K, committed 43904K, reserved 1087488K
  class space    used 5468K, capacity 5912K, committed 6016K, reserved 1048576K
}
Event: 7.630 GC heap after
{Heap after GC invocations=11 (full 0):
 garbage-first heap   total 157696K, used 51729K [0x0000000080000000, 0x0000000100000000)
  region size 1024K, 7 young (7168K), 7 survivors (7168K)
 Metaspace       used 42496K, capacity 43717K, committed 43904K, reserved 1087488K
  class space    used 5468K, capacity 5912K, committed 6016K, reserved 1048576K
}
Event: 8.391 GC heap before
{Heap before GC invocations=11 (full 0):
 garbage-first heap   total 157696K, used 104977K [0x0000000080000000, 0x0000000100000000)
  region size 1024K, 59 young (60416K), 7 survivors (7168K)
 Metaspace       used 46097K, capacity 47381K, committed 47616K, reserved 1091584K
  class space    used 5866K, capacity 6299K, committed 6400K, reserved 1048576K
}
Event: 8.401 GC heap after
{Heap after GC invocations=12 (full 0):
 garbage-first heap   total 157696K, used 55728K [0x0000000080000000, 0x0000000100000000)
  region size 1024K, 8 young (8192K), 8 survivors (8192K)
 Metaspace       used 46097K, capacity 47381K, committed 47616K, reserved 1091584K
  class space    used 5866K, capacity 6299K, committed 6400K, reserved 1048576K
}
Event: 9.248 GC heap before
{Heap before GC invocations=12 (full 0):
 garbage-first heap   total 157696K, used 108976K [0x0000000080000000, 0x0000000100000000)
  region size 1024K, 60 young (61440K), 8 survivors (8192K)
 Metaspace       used 49365K, capacity 50885K, committed 51200K, reserved 1093632K
  class space    used 6328K, capacity 6824K, committed 6912K, reserved 1048576K
}
Event: 9.256 GC heap after
{Heap after GC invocations=13 (full 0):
 garbage-first heap   total 157696K, used 58294K [0x0000000080000000, 0x0000000100000000)
  region size 1024K, 7 young (7168K), 7 survivors (7168K)
 Metaspace       used 49365K, capacity 50885K, committed 51200K, reserved 1093632K
  class space    used 6328K, capacity 6824K, committed 6912K, reserved 1048576K
}
Event: 10.041 GC heap before
{Heap before GC invocations=13 (full 0):
 garbage-first heap   total 157696K, used 119734K [0x0000000080000000, 0x0000000100000000)
  region size 1024K, 60 young (61440K), 7 survivors (7168K)
 Metaspace       used 52643K, capacity 54166K, committed 54272K, reserved 1095680K
  class space    used 6837K, capacity 7338K, committed 7424K, reserved 1048576K
}
Event: 10.052 GC heap after
{Heap after GC invocations=14 (full 0):
 garbage-first heap   total 157696K, used 75776K [0x0000000080000000, 0x0000000100000000)
  region size 1024K, 8 young (8192K), 8 survivors (8192K)
 Metaspace       used 52643K, capacity 54166K, committed 54272K, reserved 1095680K
  class space    used 6837K, capacity 7338K, committed 7424K, reserved 1048576K
}
Event: 10.694 GC heap before
{Heap before GC invocations=14 (full 0):
 garbage-first heap   total 157696K, used 119808K [0x0000000080000000, 0x0000000100000000)
  region size 1024K, 51 young (52224K), 8 survivors (8192K)
 Metaspace       used 57659K, capacity 59347K, committed 59520K, reserved 1101824K
  class space    used 7451K, capacity 8013K, committed 8064K, reserved 1048576K
}
Event: 10.702 GC heap after
{Heap after GC invocations=15 (full 0):
 garbage-first heap   total 157696K, used 79065K [0x0000000080000000, 0x0000000100000000)
  region size 1024K, 3 young (3072K), 3 survivors (3072K)
 Metaspace       used 57659K, capacity 59347K, committed 59520K, reserved 1101824K
  class space    used 7451K, capacity 8013K, committed 8064K, reserved 1048576K
}

