# JRE version: OpenJDK Runtime Environment (11.0.10) (build 11.0.10+0-b96-7249189)
# Java VM: OpenJDK 64-Bit Server VM (11.0.10+0-b96-7249189, mixed mode, tiered, compressed oops, g1 gc, windows-amd64)
Heap:
 garbage-first heap   total 157696K, used 64345K [0x0000000080000000, 0x0000000100000000)
  region size 1024K, 9 young (9216K), 6 survivors (6144K)
 Metaspace       used 69033K, capacity 70703K, committed 70860K, reserved 1110016K
  class space    used 8715K, capacity 9314K, committed 9420K, reserved 1048576K
GC Heap History (20 events):
Event: 2.739 GC heap before
{Heap before GC invocations=1 (full 0):
 garbage-first heap   total 131072K, used 84667K [0x0000000080000000, 0x0000000100000000)
  region size 1024K, 76 young (77824K), 3 survivors (3072K)
 Metaspace       used 17749K, capacity 18219K, committed 18432K, reserved 1064960K
  class space    used 2103K, capacity 2238K, committed 2304K, reserved 1048576K
}
Event: 2.747 GC heap after
{Heap after GC invocations=2 (full 0):
 garbage-first heap   total 131072K, used 15713K [0x0000000080000000, 0x0000000100000000)
  region size 1024K, 10 young (10240K), 10 survivors (10240K)
 Metaspace       used 17749K, capacity 18219K, committed 18432K, reserved 1064960K
  class space    used 2103K, capacity 2238K, committed 2304K, reserved 1048576K
}
Event: 3.028 GC heap before
{Heap before GC invocations=2 (full 0):
 garbage-first heap   total 131072K, used 38241K [0x0000000080000000, 0x0000000100000000)
  region size 1024K, 33 young (33792K), 10 survivors (10240K)
 Metaspace       used 20626K, capacity 21118K, committed 21248K, reserved 1067008K
  class space    used 2522K, capacity 2720K, committed 2816K, reserved 1048576K
}
Event: 3.036 GC heap after
{Heap after GC invocations=3 (full 0):
 garbage-first heap   total 131072K, used 17203K [0x0000000080000000, 0x0000000100000000)
  region size 1024K, 1 young (1024K), 1 survivors (1024K)
 Metaspace       used 20626K, capacity 21118K, committed 21248K, reserved 1067008K
  class space    used 2522K, capacity 2720K, committed 2816K, reserved 1048576K
}
Event: 3.701 GC heap before
{Heap before GC invocations=4 (full 0):
 garbage-first heap   total 131072K, used 72499K [0x0000000080000000, 0x0000000100000000)
  region size 1024K, 56 young (57344K), 1 survivors (1024K)
 Metaspace       used 26106K, capacity 26749K, committed 27008K, reserved 1073152K
  class space    used 3425K, capacity 3666K, committed 3712K, reserved 1048576K
}
Event: 3.705 GC heap after
{Heap after GC invocations=5 (full 0):
 garbage-first heap   total 131072K, used 18796K [0x0000000080000000, 0x0000000100000000)
  region size 1024K, 3 young (3072K), 3 survivors (3072K)
 Metaspace       used 26106K, capacity 26749K, committed 27008K, reserved 1073152K
  class space    used 3425K, capacity 3666K, committed 3712K, reserved 1048576K
}
Event: 4.599 GC heap before
{Heap before GC invocations=5 (full 0):
 garbage-first heap   total 131072K, used 72044K [0x0000000080000000, 0x0000000100000000)
  region size 1024K, 57 young (58368K), 3 survivors (3072K)
 Metaspace       used 35033K, capacity 35830K, committed 35840K, reserved 1081344K
  class space    used 4539K, capacity 4864K, committed 4864K, reserved 1048576K
}
Event: 4.608 GC heap after
{Heap after GC invocations=6 (full 0):
 garbage-first heap   total 131072K, used 22239K [0x0000000080000000, 0x0000000100000000)
  region size 1024K, 6 young (6144K), 6 survivors (6144K)
 Metaspace       used 35033K, capacity 35830K, committed 35840K, reserved 1081344K
  class space    used 4539K, capacity 4864K, committed 4864K, reserved 1048576K
}
Event: 5.370 GC heap before
{Heap before GC invocations=7 (full 0):
 garbage-first heap   total 131072K, used 87775K [0x0000000080000000, 0x0000000100000000)
  region size 1024K, 67 young (68608K), 6 survivors (6144K)
 Metaspace       used 39523K, capacity 40497K, committed 40780K, reserved 1085440K
  class space    used 5053K, capacity 5391K, committed 5452K, reserved 1048576K
}
Event: 5.379 GC heap after
{Heap after GC invocations=8 (full 0):
 garbage-first heap   total 131072K, used 27308K [0x0000000080000000, 0x0000000100000000)
  region size 1024K, 9 young (9216K), 9 survivors (9216K)
 Metaspace       used 39523K, capacity 40497K, committed 40780K, reserved 1085440K
  class space    used 5053K, capacity 5391K, committed 5452K, reserved 1048576K
}
Event: 6.158 GC heap before
{Heap before GC invocations=8 (full 0):
 garbage-first heap   total 131072K, used 88748K [0x0000000080000000, 0x0000000100000000)
  region size 1024K, 69 young (70656K), 9 survivors (9216K)
 Metaspace       used 45103K, capacity 46240K, committed 46412K, reserved 1089536K
  class space    used 5796K, capacity 6193K, committed 6220K, reserved 1048576K
}
Event: 6.168 GC heap after
{Heap after GC invocations=9 (full 0):
 garbage-first heap   total 157696K, used 29195K [0x0000000080000000, 0x0000000100000000)
  region size 1024K, 3 young (3072K), 3 survivors (3072K)
 Metaspace       used 45103K, capacity 46240K, committed 46412K, reserved 1089536K
  class space    used 5796K, capacity 6193K, committed 6220K, reserved 1048576K
}
Event: 7.635 GC heap before
{Heap before GC invocations=9 (full 0):
 garbage-first heap   total 157696K, used 111115K [0x0000000080000000, 0x0000000100000000)
  region size 1024K, 76 young (77824K), 3 survivors (3072K)
 Metaspace       used 49390K, capacity 50700K, committed 50892K, reserved 1093632K
  class space    used 6315K, capacity 6762K, committed 6860K, reserved 1048576K
}
Event: 7.643 GC heap after
{Heap after GC invocations=10 (full 0):
 garbage-first heap   total 157696K, used 49040K [0x0000000080000000, 0x0000000100000000)
  region size 1024K, 10 young (10240K), 10 survivors (10240K)
 Metaspace       used 49390K, capacity 50700K, committed 50892K, reserved 1093632K
  class space    used 6315K, capacity 6762K, committed 6860K, reserved 1048576K
}
Event: 8.583 GC heap before
{Heap before GC invocations=10 (full 0):
 garbage-first heap   total 157696K, used 108432K [0x0000000080000000, 0x0000000100000000)
  region size 1024K, 69 young (70656K), 10 survivors (10240K)
 Metaspace       used 58727K, capacity 60173K, committed 60236K, reserved 1101824K
  class space    used 7421K, capacity 7955K, committed 8012K, reserved 1048576K
}
Event: 8.597 GC heap after
{Heap after GC invocations=11 (full 0):
 garbage-first heap   total 157696K, used 52552K [0x0000000080000000, 0x0000000100000000)
  region size 1024K, 3 young (3072K), 3 survivors (3072K)
 Metaspace       used 58727K, capacity 60173K, committed 60236K, reserved 1101824K
  class space    used 7421K, capacity 7955K, committed 8012K, reserved 1048576K
}
Event: 9.410 GC heap before
{Heap before GC invocations=12 (full 0):
 garbage-first heap   total 157696K, used 115016K [0x0000000080000000, 0x0000000100000000)
  region size 1024K, 64 young (65536K), 3 survivors (3072K)
 Metaspace       used 64878K, capacity 66438K, committed 66636K, reserved 1107968K
  class space    used 8186K, capacity 8751K, committed 8780K, reserved 1048576K
}
Event: 9.416 GC heap after
{Heap after GC invocations=13 (full 0):
 garbage-first heap   total 157696K, used 57002K [0x0000000080000000, 0x0000000100000000)
  region size 1024K, 8 young (8192K), 8 survivors (8192K)
 Metaspace       used 64878K, capacity 66438K, committed 66636K, reserved 1107968K
  class space    used 8186K, capacity 8751K, committed 8780K, reserved 1048576K
}
Event: 10.049 GC heap before
{Heap before GC invocations=13 (full 0):
 garbage-first heap   total 157696K, used 118442K [0x0000000080000000, 0x0000000100000000)
  region size 1024K, 68 young (69632K), 8 survivors (8192K)
 Metaspace       used 68700K, capacity 70383K, committed 70476K, reserved 1110016K
  class space    used 8665K, capacity 9250K, committed 9292K, reserved 1048576K
}
Event: 10.059 GC heap after
{Heap after GC invocations=14 (full 0):
 garbage-first heap   total 157696K, used 62297K [0x0000000080000000, 0x0000000100000000)
  region size 1024K, 6 young (6144K), 6 survivors (6144K)
 Metaspace       used 68700K, capacity 70383K, committed 70476K, reserved 1110016K
  class space    used 8665K, capacity 9250K, committed 9292K, reserved 1048576K
}

