# JRE version: OpenJDK Runtime Environment (11.0.10) (build 11.0.10+0-b96-7249189)
# Java VM: OpenJDK 64-Bit Server VM (11.0.10+0-b96-7249189, mixed mode, tiered, compressed oops, g1 gc, windows-amd64)
Heap:
 garbage-first heap   total 157696K, used 87847K [0x0000000080000000, 0x0000000100000000)
  region size 1024K, 15 young (15360K), 5 survivors (5120K)
 Metaspace       used 61904K, capacity 63637K, committed 63872K, reserved 1103872K
  class space    used 7935K, capacity 8509K, committed 8576K, reserved 1048576K
GC Heap History (20 events):
Event: 2.190 GC heap before
{Heap before GC invocations=2 (full 0):
 garbage-first heap   total 131072K, used 37536K [0x0000000080000000, 0x0000000100000000)
  region size 1024K, 32 young (32768K), 10 survivors (10240K)
 Metaspace       used 20565K, capacity 21117K, committed 21248K, reserved 1067008K
  class space    used 2514K, capacity 2731K, committed 2816K, reserved 1048576K
}
Event: 2.196 GC heap after
{Heap after GC invocations=3 (full 0):
 garbage-first heap   total 131072K, used 17065K [0x0000000080000000, 0x0000000100000000)
  region size 1024K, 1 young (1024K), 1 survivors (1024K)
 Metaspace       used 20565K, capacity 21117K, committed 21248K, reserved 1067008K
  class space    used 2514K, capacity 2731K, committed 2816K, reserved 1048576K
}
Event: 2.701 GC heap before
{Heap before GC invocations=4 (full 0):
 garbage-first heap   total 131072K, used 69289K [0x0000000080000000, 0x0000000100000000)
  region size 1024K, 52 young (53248K), 1 survivors (1024K)
 Metaspace       used 25937K, capacity 26567K, committed 26752K, reserved 1073152K
  class space    used 3399K, capacity 3638K, committed 3712K, reserved 1048576K
}
Event: 2.704 GC heap after
{Heap after GC invocations=5 (full 0):
 garbage-first heap   total 131072K, used 18884K [0x0000000080000000, 0x0000000100000000)
  region size 1024K, 3 young (3072K), 3 survivors (3072K)
 Metaspace       used 25937K, capacity 26567K, committed 26752K, reserved 1073152K
  class space    used 3399K, capacity 3638K, committed 3712K, reserved 1048576K
}
Event: 3.439 GC heap before
{Heap before GC invocations=5 (full 0):
 garbage-first heap   total 131072K, used 85444K [0x0000000080000000, 0x0000000100000000)
  region size 1024K, 59 young (60416K), 3 survivors (3072K)
 Metaspace       used 32047K, capacity 32845K, committed 33024K, reserved 1077248K
  class space    used 4297K, capacity 4598K, committed 4608K, reserved 1048576K
}
Event: 3.444 GC heap after
{Heap after GC invocations=6 (full 0):
 garbage-first heap   total 131072K, used 33965K [0x0000000080000000, 0x0000000100000000)
  region size 1024K, 8 young (8192K), 8 survivors (8192K)
 Metaspace       used 32047K, capacity 32845K, committed 33024K, reserved 1077248K
  class space    used 4297K, capacity 4598K, committed 4608K, reserved 1048576K
}
Event: 3.625 GC heap before
{Heap before GC invocations=6 (full 0):
 garbage-first heap   total 131072K, used 43181K [0x0000000080000000, 0x0000000100000000)
  region size 1024K, 18 young (18432K), 8 survivors (8192K)
 Metaspace       used 34831K, capacity 35727K, committed 35840K, reserved 1081344K
  class space    used 4557K, capacity 4899K, committed 4992K, reserved 1048576K
}
Event: 3.636 GC heap after
{Heap after GC invocations=7 (full 0):
 garbage-first heap   total 131072K, used 35773K [0x0000000080000000, 0x0000000100000000)
  region size 1024K, 2 young (2048K), 2 survivors (2048K)
 Metaspace       used 34831K, capacity 35727K, committed 35840K, reserved 1081344K
  class space    used 4557K, capacity 4899K, committed 4992K, reserved 1048576K
}
Event: 4.236 GC heap before
{Heap before GC invocations=8 (full 0):
 garbage-first heap   total 131072K, used 89021K [0x0000000080000000, 0x0000000100000000)
  region size 1024K, 52 young (53248K), 2 survivors (2048K)
 Metaspace       used 40032K, capacity 41026K, committed 41088K, reserved 1085440K
  class space    used 5126K, capacity 5468K, committed 5504K, reserved 1048576K
}
Event: 4.244 GC heap after
{Heap after GC invocations=9 (full 0):
 garbage-first heap   total 131072K, used 39379K [0x0000000080000000, 0x0000000100000000)
  region size 1024K, 6 young (6144K), 6 survivors (6144K)
 Metaspace       used 40032K, capacity 41026K, committed 41088K, reserved 1085440K
  class space    used 5126K, capacity 5468K, committed 5504K, reserved 1048576K
}
Event: 4.869 GC heap before
{Heap before GC invocations=10 (full 0):
 garbage-first heap   total 131072K, used 98771K [0x0000000080000000, 0x0000000100000000)
  region size 1024K, 56 young (57344K), 6 survivors (6144K)
 Metaspace       used 44121K, capacity 45317K, committed 45440K, reserved 1089536K
  class space    used 5560K, capacity 5976K, committed 6016K, reserved 1048576K
}
Event: 4.879 GC heap after
{Heap after GC invocations=11 (full 0):
 garbage-first heap   total 157696K, used 52185K [0x0000000080000000, 0x0000000100000000)
  region size 1024K, 6 young (6144K), 6 survivors (6144K)
 Metaspace       used 44121K, capacity 45317K, committed 45440K, reserved 1089536K
  class space    used 5560K, capacity 5976K, committed 6016K, reserved 1048576K
}
Event: 5.485 GC heap before
{Heap before GC invocations=11 (full 0):
 garbage-first heap   total 157696K, used 109529K [0x0000000080000000, 0x0000000100000000)
  region size 1024K, 62 young (63488K), 6 survivors (6144K)
 Metaspace       used 46969K, capacity 48262K, committed 48512K, reserved 1091584K
  class space    used 6013K, capacity 6445K, committed 6528K, reserved 1048576K
}
Event: 5.491 GC heap after
{Heap after GC invocations=12 (full 0):
 garbage-first heap   total 157696K, used 55997K [0x0000000080000000, 0x0000000100000000)
  region size 1024K, 4 young (4096K), 4 survivors (4096K)
 Metaspace       used 46969K, capacity 48262K, committed 48512K, reserved 1091584K
  class space    used 6013K, capacity 6445K, committed 6528K, reserved 1048576K
}
Event: 6.337 GC heap before
{Heap before GC invocations=12 (full 0):
 garbage-first heap   total 157696K, used 121533K [0x0000000080000000, 0x0000000100000000)
  region size 1024K, 61 young (62464K), 4 survivors (4096K)
 Metaspace       used 49711K, capacity 51232K, committed 51456K, reserved 1093632K
  class space    used 6367K, capacity 6850K, committed 6912K, reserved 1048576K
}
Event: 6.345 GC heap after
{Heap after GC invocations=13 (full 0):
 garbage-first heap   total 157696K, used 73320K [0x0000000080000000, 0x0000000100000000)
  region size 1024K, 8 young (8192K), 8 survivors (8192K)
 Metaspace       used 49711K, capacity 51232K, committed 51456K, reserved 1093632K
  class space    used 6367K, capacity 6850K, committed 6912K, reserved 1048576K
}
Event: 6.928 GC heap before
{Heap before GC invocations=13 (full 0):
 garbage-first heap   total 157696K, used 120424K [0x0000000080000000, 0x0000000100000000)
  region size 1024K, 54 young (55296K), 8 survivors (8192K)
 Metaspace       used 53951K, capacity 55578K, committed 55680K, reserved 1097728K
  class space    used 6999K, capacity 7532K, committed 7552K, reserved 1048576K
}
Event: 6.935 GC heap after
{Heap after GC invocations=14 (full 0):
 garbage-first heap   total 157696K, used 76845K [0x0000000080000000, 0x0000000100000000)
  region size 1024K, 4 young (4096K), 4 survivors (4096K)
 Metaspace       used 53951K, capacity 55578K, committed 55680K, reserved 1097728K
  class space    used 6999K, capacity 7532K, committed 7552K, reserved 1048576K
}
Event: 7.521 GC heap before
{Heap before GC invocations=14 (full 0):
 garbage-first heap   total 157696K, used 122925K [0x0000000080000000, 0x0000000100000000)
  region size 1024K, 49 young (50176K), 4 survivors (4096K)
 Metaspace       used 60052K, capacity 61784K, committed 61952K, reserved 1103872K
  class space    used 7767K, capacity 8339K, committed 8448K, reserved 1048576K
}
Event: 7.527 GC heap after
{Heap after GC invocations=15 (full 0):
 garbage-first heap   total 157696K, used 78631K [0x0000000080000000, 0x0000000100000000)
  region size 1024K, 5 young (5120K), 5 survivors (5120K)
 Metaspace       used 60052K, capacity 61784K, committed 61952K, reserved 1103872K
  class space    used 7767K, capacity 8339K, committed 8448K, reserved 1048576K
}

