# JRE version: OpenJDK Runtime Environment (11.0.10) (build 11.0.10+0-b96-7249189)
# Java VM: OpenJDK 64-Bit Server VM (11.0.10+0-b96-7249189, mixed mode, tiered, compressed oops, g1 gc, windows-amd64)
Heap:
 garbage-first heap   total 290816K, used 172139K [0x0000000080000000, 0x0000000100000000)
  region size 1024K, 3 young (3072K), 3 survivors (3072K)
 Metaspace       used 100554K, capacity 103113K, committed 103244K, reserved 1138688K
  class space    used 13100K, capacity 14053K, committed 14156K, reserved 1048576K
GC Heap History (20 events):
Event: 8.249 GC heap after
{Heap after GC invocations=16 (full 0):
 garbage-first heap   total 189440K, used 57205K [0x0000000080000000, 0x0000000100000000)
  region size 1024K, 10 young (10240K), 10 survivors (10240K)
 Metaspace       used 65984K, capacity 67549K, committed 67788K, reserved 1107968K
  class space    used 8331K, capacity 8885K, committed 8908K, reserved 1048576K
}
Event: 9.369 GC heap before
{Heap before GC invocations=16 (full 0):
 garbage-first heap   total 189440K, used 137077K [0x0000000080000000, 0x0000000100000000)
  region size 1024K, 88 young (90112K), 10 survivors (10240K)
 Metaspace       used 72273K, capacity 73956K, committed 74188K, reserved 1114112K
  class space    used 9274K, capacity 9883K, committed 9932K, reserved 1048576K
}
Event: 9.387 GC heap after
{Heap after GC invocations=17 (full 0):
 garbage-first heap   total 189440K, used 63107K [0x0000000080000000, 0x0000000100000000)
  region size 1024K, 11 young (11264K), 11 survivors (11264K)
 Metaspace       used 72273K, capacity 73956K, committed 74188K, reserved 1114112K
  class space    used 9274K, capacity 9883K, committed 9932K, reserved 1048576K
}
Event: 10.629 GC heap before
{Heap before GC invocations=17 (full 0):
 garbage-first heap   total 189440K, used 140931K [0x0000000080000000, 0x0000000100000000)
  region size 1024K, 87 young (89088K), 11 survivors (11264K)
 Metaspace       used 80290K, capacity 82127K, committed 82252K, reserved 1120256K
  class space    used 10373K, capacity 11024K, committed 11084K, reserved 1048576K
}
Event: 10.648 GC heap after
{Heap after GC invocations=18 (full 0):
 garbage-first heap   total 189440K, used 68777K [0x0000000080000000, 0x0000000100000000)
  region size 1024K, 6 young (6144K), 6 survivors (6144K)
 Metaspace       used 80290K, capacity 82127K, committed 82252K, reserved 1120256K
  class space    used 10373K, capacity 11024K, committed 11084K, reserved 1048576K
}
Event: 11.807 GC heap before
{Heap before GC invocations=18 (full 0):
 garbage-first heap   total 189440K, used 143529K [0x0000000080000000, 0x0000000100000000)
  region size 1024K, 80 young (81920K), 6 survivors (6144K)
 Metaspace       used 84723K, capacity 86889K, committed 86988K, reserved 1124352K
  class space    used 10939K, capacity 11688K, committed 11724K, reserved 1048576K
}
Event: 11.827 GC heap after
{Heap after GC invocations=19 (full 0):
 garbage-first heap   total 227328K, used 76800K [0x0000000080000000, 0x0000000100000000)
  region size 1024K, 10 young (10240K), 10 survivors (10240K)
 Metaspace       used 84723K, capacity 86889K, committed 86988K, reserved 1124352K
  class space    used 10939K, capacity 11688K, committed 11724K, reserved 1048576K
}
Event: 13.424 GC heap before
{Heap before GC invocations=19 (full 0):
 garbage-first heap   total 227328K, used 184320K [0x0000000080000000, 0x0000000100000000)
  region size 1024K, 99 young (101376K), 10 survivors (10240K)
 Metaspace       used 88340K, capacity 90460K, committed 90828K, reserved 1128448K
  class space    used 11318K, capacity 12108K, committed 12236K, reserved 1048576K
}
Event: 13.440 GC heap after
{Heap after GC invocations=20 (full 0):
 garbage-first heap   total 227328K, used 82108K [0x0000000080000000, 0x0000000100000000)
  region size 1024K, 11 young (11264K), 11 survivors (11264K)
 Metaspace       used 88340K, capacity 90460K, committed 90828K, reserved 1128448K
  class space    used 11318K, capacity 12108K, committed 12236K, reserved 1048576K
}
Event: 14.425 GC heap before
{Heap before GC invocations=20 (full 0):
 garbage-first heap   total 227328K, used 172220K [0x0000000080000000, 0x0000000100000000)
  region size 1024K, 100 young (102400K), 11 survivors (11264K)
 Metaspace       used 90730K, capacity 92932K, committed 93132K, reserved 1130496K
  class space    used 11576K, capacity 12372K, committed 12492K, reserved 1048576K
}
Event: 14.440 GC heap after
{Heap after GC invocations=21 (full 0):
 garbage-first heap   total 227328K, used 87183K [0x0000000080000000, 0x0000000100000000)
  region size 1024K, 10 young (10240K), 10 survivors (10240K)
 Metaspace       used 90730K, capacity 92932K, committed 93132K, reserved 1130496K
  class space    used 11576K, capacity 12372K, committed 12492K, reserved 1048576K
}
Event: 15.124 GC heap before
{Heap before GC invocations=21 (full 0):
 garbage-first heap   total 227328K, used 156815K [0x0000000080000000, 0x0000000100000000)
  region size 1024K, 57 young (58368K), 10 survivors (10240K)
 Metaspace       used 95325K, capacity 97615K, committed 97868K, reserved 1134592K
  class space    used 12189K, capacity 13040K, committed 13132K, reserved 1048576K
}
Event: 15.138 GC heap after
{Heap after GC invocations=22 (full 0):
 garbage-first heap   total 227328K, used 110075K [0x0000000080000000, 0x0000000100000000)
  region size 1024K, 13 young (13312K), 13 survivors (13312K)
 Metaspace       used 95325K, capacity 97615K, committed 97868K, reserved 1134592K
  class space    used 12189K, capacity 13040K, committed 13132K, reserved 1048576K
}
Event: 16.336 GC heap before
{Heap before GC invocations=23 (full 0):
 garbage-first heap   total 227328K, used 182779K [0x0000000080000000, 0x0000000100000000)
  region size 1024K, 83 young (84992K), 13 survivors (13312K)
 Metaspace       used 98201K, capacity 100530K, committed 100684K, reserved 1136640K
  class space    used 12739K, capacity 13623K, committed 13644K, reserved 1048576K
}
Event: 16.378 GC heap after
{Heap after GC invocations=24 (full 0):
 garbage-first heap   total 227328K, used 137953K [0x0000000080000000, 0x0000000100000000)
  region size 1024K, 11 young (11264K), 11 survivors (11264K)
 Metaspace       used 98201K, capacity 100530K, committed 100684K, reserved 1136640K
  class space    used 12739K, capacity 13623K, committed 13644K, reserved 1048576K
}
Event: 16.614 GC heap before
{Heap before GC invocations=24 (full 0):
 garbage-first heap   total 227328K, used 178913K [0x0000000080000000, 0x0000000100000000)
  region size 1024K, 52 young (53248K), 11 survivors (11264K)
 Metaspace       used 98238K, capacity 100598K, committed 100684K, reserved 1136640K
  class space    used 12739K, capacity 13623K, committed 13644K, reserved 1048576K
}
Event: 16.678 GC heap after
{Heap after GC invocations=25 (full 0):
 garbage-first heap   total 227328K, used 160768K [0x0000000080000000, 0x0000000100000000)
  region size 1024K, 7 young (7168K), 7 survivors (7168K)
 Metaspace       used 98238K, capacity 100598K, committed 100684K, reserved 1136640K
  class space    used 12739K, capacity 13623K, committed 13644K, reserved 1048576K
}
Event: 17.143 GC heap before
{Heap before GC invocations=25 (full 0):
 garbage-first heap   total 227328K, used 183296K [0x0000000080000000, 0x0000000100000000)
  region size 1024K, 29 young (29696K), 7 survivors (7168K)
 Metaspace       used 100029K, capacity 102427K, committed 102604K, reserved 1138688K
  class space    used 13006K, capacity 13909K, committed 14028K, reserved 1048576K
}
Event: 17.167 GC heap after
{Heap after GC invocations=26 (full 0):
 garbage-first heap   total 227328K, used 168576K [0x0000000080000000, 0x0000000100000000)
  region size 1024K, 4 young (4096K), 4 survivors (4096K)
 Metaspace       used 100029K, capacity 102427K, committed 102604K, reserved 1138688K
  class space    used 13006K, capacity 13909K, committed 14028K, reserved 1048576K
}
Event: 17.457 GC heap before
{Heap before GC invocations=27 (full 0):
 garbage-first heap   total 227328K, used 187008K [0x0000000080000000, 0x0000000100000000)
  region size 1024K, 22 young (22528K), 4 survivors (4096K)
 Metaspace       used 100554K, capacity 103113K, committed 103244K, reserved 1138688K
  class space    used 13100K, capacity 14053K, committed 14156K, reserved 1048576K
}

